<?xml version="1.0" encoding="UTF-8"?>
<!-- Generated by org.testng.reporters.JUnitReportReporter -->
<testsuite skipped="0" hostname="DESKTOP-P0B63N8" name="testCases2.CreateAnAccountToMyStore" tests="1" failures="0" timestamp="2021-11-30T15:25:27 IST" time="43.326" errors="0">
  <testcase name="createAnAccountToMyStore" time="43.326" classname="testCases2.CreateAnAccountToMyStore"/>
  <system-out/>
</testsuite> <!-- testCases2.CreateAnAccountToMyStore -->
