<?xml version="1.0" encoding="UTF-8"?>
<!-- Generated by org.testng.reporters.JUnitReportReporter -->
<testsuite skipped="0" hostname="DESKTOP-P0B63N8" name="testCases.LoginToInstagram" tests="3" failures="0" timestamp="2021-11-23T11:23:38 IST" time="42.771" errors="0">
  <testcase name="loginToInstagram3" time="13.824" classname="testCases.LoginToInstagram"/>
  <system-out/>
  <testcase name="loginToInstagram" time="13.851" classname="testCases.LoginToInstagram"/>
  <system-out/>
  <testcase name="loginToInstagram2" time="15.096" classname="testCases.LoginToInstagram"/>
  <system-out/>
</testsuite> <!-- testCases.LoginToInstagram -->
