<?xml version="1.0" encoding="UTF-8"?>
<!-- Generated by org.testng.reporters.JUnitReportReporter -->
<testsuite skipped="0" hostname="DESKTOP-P0B63N8" name="testCases2.CreateAnAccountToMyStore3" tests="1" failures="0" timestamp="2021-12-02T13:31:30 IST" time="14.304" errors="0">
  <testcase name="createAnAccountToMyStore3" time="14.304" classname="testCases2.CreateAnAccountToMyStore3"/>
  <system-out/>
</testsuite> <!-- testCases2.CreateAnAccountToMyStore3 -->
