<?xml version="1.0" encoding="UTF-8"?>
<!-- Generated by org.testng.reporters.JUnitReportReporter -->
<testsuite skipped="1" hostname="DESKTOP-P0B63N8" name="testCases2.CreateAnAccountToMyStore4" tests="1" failures="0" timestamp="2021-12-02T13:31:30 IST" time="0.000" errors="0">
  <testcase name="createAnAccountToMyStore4" time="0.000" classname="testCases2.CreateAnAccountToMyStore4">
    <skipped/>
  </testcase> <!-- createAnAccountToMyStore4 -->
  <system-out/>
</testsuite> <!-- testCases2.CreateAnAccountToMyStore4 -->
